2018 08 01=da=0&email=0&email_count=0&email_count_incoming=0&email_count_outgoing=0&ftp=0&http=123613843&http_homedir=0&http_ul=402404&imap=0&other=0&pop=0&total=123613843
2018 08 02=da=0&email=0&email_count=0&email_count_incoming=0&email_count_outgoing=0&ftp=0&http=77775201&http_homedir=0&http_ul=254568&imap=0&other=0&pop=0&total=77775201
2018 08 03=da=0&email=0&email_count=0&email_count_incoming=0&email_count_outgoing=0&ftp=0&http=255569781&http_homedir=0&http_ul=648655&imap=0&other=0&pop=0&total=255569781
2018 08 04=da=0&email=0&email_count=0&email_count_incoming=0&email_count_outgoing=0&ftp=0&http=39006716&http_homedir=0&http_ul=149228&imap=0&other=0&pop=0&total=39006716
2018 08 05=da=0&email=0&email_count=0&email_count_incoming=0&email_count_outgoing=0&ftp=0&http=44674705&http_homedir=0&http_ul=177855&imap=0&other=0&pop=0&total=44674705
2018 08 06=da=0&email=0&email_count=0&email_count_incoming=0&email_count_outgoing=0&ftp=504888&http=271690362&http_homedir=0&http_ul=2000158&imap=0&other=0&pop=0&total=272195250
2018 08 07=da=0&email=0&email_count=0&email_count_incoming=0&email_count_outgoing=0&ftp=1313269&http=352119320&http_homedir=0&http_ul=1617562&imap=0&other=0&pop=0&total=353432589
2018 08 08=da=0&email=0&email_count=0&email_count_incoming=0&email_count_outgoing=0&ftp=0&http=48842814&http_homedir=0&http_ul=237977&imap=0&other=0&pop=0&total=48842814
2018 08 09=da=0&email=0&email_count=0&email_count_incoming=0&email_count_outgoing=0&ftp=0&http=51460609&http_homedir=0&http_ul=264258&imap=0&other=0&pop=0&total=51460609
2018 08 10=da=0&email=0&email_count=0&email_count_incoming=0&email_count_outgoing=0&ftp=563568&http=222378695&http_homedir=0&http_ul=2154386&imap=0&other=0&pop=0&total=222942263
2018 08 12=da=0&email=0&email_count=0&email_count_incoming=0&email_count_outgoing=0&ftp=0&http=13282075&http_homedir=0&http_ul=96621&imap=0&other=0&pop=0&total=13282075
2018 08 13=da=0&email=0&email_count=0&email_count_incoming=0&email_count_outgoing=0&ftp=0&http=221422198&http_homedir=0&http_ul=557391&imap=0&other=0&pop=0&total=221422198
2018 08 14=da=0&email=0&email_count=0&email_count_incoming=0&email_count_outgoing=0&ftp=0&http=226734265&http_homedir=0&http_ul=973492&imap=0&other=0&pop=0&total=226734265
2018 08 15=da=0&email=0&email_count=0&email_count_incoming=0&email_count_outgoing=0&ftp=0&http=195211892&http_homedir=0&http_ul=595369&imap=0&other=0&pop=0&total=195211892
2018 08 16=da=131111&email=0&email_count=0&email_count_incoming=0&email_count_outgoing=0&ftp=3952712&http=368743579&http_homedir=0&http_ul=3339582&imap=0&other=0&pop=0&total=372827402
2018 08 17=da=0&email=0&email_count=0&email_count_incoming=0&email_count_outgoing=0&ftp=0&http=15464899&http_homedir=0&http_ul=191334&imap=0&other=0&pop=0&total=15464899
2018 08 18=da=0&email=0&email_count=0&email_count_incoming=0&email_count_outgoing=0&ftp=0&http=12112254&http_homedir=0&http_ul=228093&imap=0&other=0&pop=0&total=12112254
2018 08 20=da=0&email=0&email_count=0&email_count_incoming=0&email_count_outgoing=0&ftp=0&http=145834612&http_homedir=0&http_ul=861129&imap=0&other=0&pop=0&total=145834612
2018 08 21=da=0&email=0&email_count=0&email_count_incoming=0&email_count_outgoing=0&ftp=0&http=56129735&http_homedir=0&http_ul=366046&imap=0&other=0&pop=0&total=56129735
2018 08 22=da=0&email=0&email_count=0&email_count_incoming=0&email_count_outgoing=0&ftp=0&http=22258401&http_homedir=0&http_ul=263637&imap=0&other=0&pop=0&total=22258401
2018 08 23=da=0&email=0&email_count=0&email_count_incoming=0&email_count_outgoing=0&ftp=0&http=68580087&http_homedir=0&http_ul=480983&imap=0&other=0&pop=0&total=68580087
2018 08 24=da=0&email=0&email_count=0&email_count_incoming=0&email_count_outgoing=0&ftp=0&http=15860086&http_homedir=0&http_ul=97738&imap=0&other=0&pop=0&total=15860086
2018 08 25=da=0&email=0&email_count=0&email_count_incoming=0&email_count_outgoing=0&ftp=0&http=16462053&http_homedir=0&http_ul=94155&imap=0&other=0&pop=0&total=16462053
2018 08 26=da=0&email=0&email_count=0&email_count_incoming=0&email_count_outgoing=0&ftp=0&http=13557974&http_homedir=0&http_ul=222770&imap=0&other=0&pop=0&total=13557974
2018 08 27=da=0&email=0&email_count=0&email_count_incoming=0&email_count_outgoing=0&ftp=0&http=30115165&http_homedir=0&http_ul=243746&imap=0&other=0&pop=0&total=30115165
2018 08 28=da=0&email=0&email_count=0&email_count_incoming=0&email_count_outgoing=0&ftp=0&http=30019673&http_homedir=0&http_ul=237580&imap=0&other=0&pop=0&total=30019673
2018 08 29=da=0&email=0&email_count=0&email_count_incoming=0&email_count_outgoing=0&ftp=0&http=75720354&http_homedir=0&http_ul=457472&imap=0&other=0&pop=0&total=75720354
2018 08 30=da=0&email=0&email_count=0&email_count_incoming=0&email_count_outgoing=0&ftp=0&http=25138687&http_homedir=0&http_ul=540068&imap=0&other=0&pop=0&total=25138687
simpletotal=3046245583
total=da=131111&email=0&email_count=0&email_count_incoming=0&email_count_outgoing=0&ftp=6334437&http=3039780035&http_ul=17754257&imap=0&other=0&pop=0&total=3046245583
