2018 07 01=da=0&email=0&email_count=0&email_count_incoming=0&email_count_outgoing=0&ftp=0&http=178614912&http_homedir=0&http_ul=710274&imap=0&other=0&pop=0&total=178614912
2018 07 02=da=0&email=0&email_count=0&email_count_incoming=0&email_count_outgoing=0&ftp=0&http=131416200&http_homedir=0&http_ul=1260896&imap=0&other=0&pop=0&total=131416200
2018 07 03=da=167538&email=0&email_count=0&email_count_incoming=0&email_count_outgoing=0&ftp=2253327&http=564077685&http_homedir=0&http_ul=54423285&imap=0&other=0&pop=0&total=566498550
2018 07 04=da=131099&email=0&email_count=0&email_count_incoming=0&email_count_outgoing=0&ftp=1564405&http=505201717&http_homedir=0&http_ul=114220273&imap=0&other=0&pop=0&total=506897221
2018 07 05=da=0&email=0&email_count=0&email_count_incoming=0&email_count_outgoing=0&ftp=109430&http=75009362&http_homedir=0&http_ul=10151297&imap=0&other=0&pop=0&total=75118792
2018 07 06=da=0&email=0&email_count=0&email_count_incoming=0&email_count_outgoing=0&ftp=294514&http=396371399&http_homedir=0&http_ul=35446406&imap=0&other=0&pop=0&total=396665913
2018 07 07=da=0&email=0&email_count=0&email_count_incoming=0&email_count_outgoing=0&ftp=0&http=161165050&http_homedir=0&http_ul=38970592&imap=0&other=0&pop=0&total=161165050
2018 07 08=da=0&email=0&email_count=0&email_count_incoming=0&email_count_outgoing=0&ftp=37238&http=17490378&http_homedir=0&http_ul=118066&imap=0&other=0&pop=0&total=17527616
2018 07 09=da=0&email=0&email_count=0&email_count_incoming=0&email_count_outgoing=0&ftp=0&http=323059378&http_homedir=0&http_ul=15985996&imap=0&other=0&pop=0&total=323059378
2018 07 10=da=0&email=0&email_count=0&email_count_incoming=0&email_count_outgoing=0&ftp=726&http=60591864&http_homedir=0&http_ul=4371405&imap=0&other=0&pop=0&total=60592590
2018 07 11=da=0&email=0&email_count=0&email_count_incoming=0&email_count_outgoing=0&ftp=0&http=136997132&http_homedir=0&http_ul=5792738&imap=0&other=0&pop=0&total=136997132
2018 07 12=da=0&email=0&email_count=0&email_count_incoming=0&email_count_outgoing=0&ftp=0&http=251005962&http_homedir=0&http_ul=33260882&imap=0&other=0&pop=0&total=251005962
2018 07 13=da=0&email=0&email_count=0&email_count_incoming=0&email_count_outgoing=0&ftp=16185&http=177292698&http_homedir=0&http_ul=18698366&imap=0&other=0&pop=0&total=177308883
2018 07 14=da=0&email=0&email_count=0&email_count_incoming=0&email_count_outgoing=0&ftp=1078655&http=169830062&http_homedir=0&http_ul=11939052&imap=0&other=0&pop=0&total=170908717
2018 07 15=da=0&email=0&email_count=0&email_count_incoming=0&email_count_outgoing=0&ftp=0&http=29851072&http_homedir=0&http_ul=167064&imap=0&other=0&pop=0&total=29851072
2018 07 16=da=0&email=0&email_count=0&email_count_incoming=0&email_count_outgoing=0&ftp=0&http=48052540&http_homedir=0&http_ul=198848&imap=0&other=0&pop=0&total=48052540
2018 07 17=da=0&email=0&email_count=0&email_count_incoming=0&email_count_outgoing=0&ftp=0&http=16933005&http_homedir=0&http_ul=65591&imap=0&other=0&pop=0&total=16933005
2018 07 18=da=0&email=0&email_count=0&email_count_incoming=0&email_count_outgoing=0&ftp=0&http=172614091&http_homedir=0&http_ul=1166458&imap=0&other=0&pop=0&total=172614091
2018 07 19=da=0&email=0&email_count=0&email_count_incoming=0&email_count_outgoing=0&ftp=0&http=211170391&http_homedir=0&http_ul=1223953&imap=0&other=0&pop=0&total=211170391
2018 07 20=da=0&email=0&email_count=0&email_count_incoming=0&email_count_outgoing=0&ftp=0&http=215795117&http_homedir=0&http_ul=880455&imap=0&other=0&pop=0&total=215795117
2018 07 21=da=0&email=0&email_count=0&email_count_incoming=0&email_count_outgoing=0&ftp=0&http=119963063&http_homedir=0&http_ul=368387&imap=0&other=0&pop=0&total=119963063
2018 07 22=da=0&email=0&email_count=0&email_count_incoming=0&email_count_outgoing=0&ftp=0&http=17765391&http_homedir=0&http_ul=62501&imap=0&other=0&pop=0&total=17765391
2018 07 23=da=0&email=0&email_count=0&email_count_incoming=0&email_count_outgoing=0&ftp=0&http=50144041&http_homedir=0&http_ul=197410&imap=0&other=0&pop=0&total=50144041
2018 07 24=da=0&email=0&email_count=0&email_count_incoming=0&email_count_outgoing=0&ftp=0&http=327839604&http_homedir=0&http_ul=1247535&imap=0&other=0&pop=0&total=327839604
2018 07 25=da=0&email=0&email_count=0&email_count_incoming=0&email_count_outgoing=0&ftp=0&http=175187061&http_homedir=0&http_ul=645408&imap=0&other=0&pop=0&total=175187061
2018 07 26=da=0&email=0&email_count=0&email_count_incoming=0&email_count_outgoing=0&ftp=0&http=247782878&http_homedir=0&http_ul=2012906&imap=0&other=0&pop=0&total=247782878
2018 07 27=da=0&email=0&email_count=0&email_count_incoming=0&email_count_outgoing=0&ftp=0&http=136752733&http_homedir=0&http_ul=479973&imap=0&other=0&pop=0&total=136752733
2018 07 28=da=0&email=0&email_count=0&email_count_incoming=0&email_count_outgoing=0&ftp=0&http=8361458&http_homedir=0&http_ul=51628&imap=0&other=0&pop=0&total=8361458
2018 07 29=da=0&email=0&email_count=0&email_count_incoming=0&email_count_outgoing=0&ftp=0&http=30665123&http_homedir=0&http_ul=95436&imap=0&other=0&pop=0&total=30665123
2018 07 30=da=0&email=0&email_count=0&email_count_incoming=0&email_count_outgoing=0&ftp=0&http=204731962&http_homedir=0&http_ul=648165&imap=0&other=0&pop=0&total=204731962
simpletotal=5167386446
total=da=298637&email=0&email_count=0&email_count_incoming=0&email_count_outgoing=0&ftp=5354480&http=5161733329&http_ul=354861246&imap=0&other=0&pop=0&total=5167386446
