2018 05 09=da=95204522&email=0&email_count=0&email_count_incoming=0&email_count_outgoing=0&ftp=0&http=470880842&http_homedir=0&http_ul=35057085&imap=0&other=0&pop=0&total=566085364
2018 05 10=da=0&email=0&email_count=0&email_count_incoming=0&email_count_outgoing=0&ftp=0&http=9972731&http_homedir=0&http_ul=114031&imap=0&other=0&pop=0&total=9972731
2018 05 11=da=0&email=0&email_count=0&email_count_incoming=0&email_count_outgoing=0&ftp=0&http=9875&http_homedir=0&http_ul=642&imap=0&other=0&pop=0&total=9875
2018 05 12=da=0&email=0&email_count=0&email_count_incoming=0&email_count_outgoing=0&ftp=0&http=9879&http_homedir=0&http_ul=646&imap=0&other=0&pop=0&total=9879
2018 05 13=da=0&email=0&email_count=0&email_count_incoming=0&email_count_outgoing=0&ftp=0&http=12100&http_homedir=0&http_ul=329&imap=0&other=0&pop=0&total=12100
2018 05 14=da=0&email=0&email_count=0&email_count_incoming=0&email_count_outgoing=0&ftp=0&http=15919242&http_homedir=0&http_ul=79610&imap=0&other=0&pop=0&total=15919242
2018 05 15=da=0&email=0&email_count=0&email_count_incoming=0&email_count_outgoing=0&ftp=0&http=83403438&http_homedir=0&http_ul=9444006&imap=0&other=0&pop=0&total=83403438
2018 05 16=da=190775&email=0&email_count=0&email_count_incoming=0&email_count_outgoing=0&ftp=418211&http=310409756&http_homedir=0&http_ul=8196773&imap=0&other=0&pop=0&total=311018742
2018 05 17=da=0&email=0&email_count=0&email_count_incoming=0&email_count_outgoing=0&ftp=0&http=0&http_homedir=0&http_ul=0&imap=0&other=0&pop=0&total=0
2018 05 18=da=0&email=0&email_count=0&email_count_incoming=0&email_count_outgoing=0&ftp=0&http=0&http_homedir=0&http_ul=0&imap=0&other=0&pop=0&total=0
2018 05 19=da=0&email=0&email_count=0&email_count_incoming=0&email_count_outgoing=0&ftp=0&http=0&http_homedir=0&http_ul=0&imap=0&other=0&pop=0&total=0
2018 05 20=da=0&email=0&email_count=0&email_count_incoming=0&email_count_outgoing=0&ftp=0&http=9933&http_homedir=0&http_ul=646&imap=0&other=0&pop=0&total=9933
2018 05 21=da=0&email=0&email_count=0&email_count_incoming=0&email_count_outgoing=0&ftp=0&http=0&http_homedir=0&http_ul=0&imap=0&other=0&pop=0&total=0
2018 05 22=da=138252&email=0&email_count=0&email_count_incoming=0&email_count_outgoing=0&ftp=330127&http=39595859&http_homedir=0&http_ul=1485724&imap=0&other=0&pop=0&total=40064238
2018 05 23=da=0&email=0&email_count=0&email_count_incoming=0&email_count_outgoing=0&ftp=0&http=153099564&http_homedir=0&http_ul=897387&imap=0&other=0&pop=0&total=153099564
2018 05 24=da=0&email=0&email_count=0&email_count_incoming=0&email_count_outgoing=0&ftp=55016&http=114182990&http_homedir=0&http_ul=3266053&imap=0&other=0&pop=0&total=114238006
2018 05 25=da=0&email=0&email_count=0&email_count_incoming=0&email_count_outgoing=0&ftp=0&http=54917664&http_homedir=0&http_ul=235640&imap=0&other=0&pop=0&total=54917664
2018 05 26=da=0&email=0&email_count=0&email_count_incoming=0&email_count_outgoing=0&ftp=0&http=21327921&http_homedir=0&http_ul=55753&imap=0&other=0&pop=0&total=21327921
2018 05 27=da=0&email=0&email_count=0&email_count_incoming=0&email_count_outgoing=0&ftp=0&http=700460&http_homedir=0&http_ul=15911&imap=0&other=0&pop=0&total=700460
2018 05 28=da=0&email=0&email_count=0&email_count_incoming=0&email_count_outgoing=0&ftp=0&http=95863219&http_homedir=0&http_ul=3836975&imap=0&other=0&pop=0&total=95863219
2018 05 29=da=0&email=0&email_count=0&email_count_incoming=0&email_count_outgoing=0&ftp=481265&http=305281770&http_homedir=0&http_ul=7595511&imap=0&other=0&pop=0&total=305763035
2018 05 30=da=0&email=0&email_count=0&email_count_incoming=0&email_count_outgoing=0&ftp=235386&http=350556394&http_homedir=0&http_ul=1589708&imap=0&other=0&pop=0&total=350791780
simpletotal=2123207191
total=da=95533549&email=0&email_count=0&email_count_incoming=0&email_count_outgoing=0&ftp=1520005&http=2026153637&http_ul=71872430&imap=0&other=0&pop=0&total=2123207191
