2018 06 01=da=0&email=0&email_count=0&email_count_incoming=0&email_count_outgoing=0&ftp=0&http=176678283&http_homedir=0&http_ul=687385&imap=0&other=0&pop=0&total=176678283
2018 06 02=da=0&email=0&email_count=0&email_count_incoming=0&email_count_outgoing=0&ftp=140764&http=177592444&http_homedir=0&http_ul=506633&imap=0&other=0&pop=0&total=177733208
2018 06 03=da=0&email=0&email_count=0&email_count_incoming=0&email_count_outgoing=0&ftp=0&http=16433576&http_homedir=0&http_ul=46129&imap=0&other=0&pop=0&total=16433576
2018 06 04=da=0&email=0&email_count=0&email_count_incoming=0&email_count_outgoing=0&ftp=0&http=760190&http_homedir=0&http_ul=13150&imap=0&other=0&pop=0&total=760190
2018 06 05=da=0&email=0&email_count=0&email_count_incoming=0&email_count_outgoing=0&ftp=0&http=63965333&http_homedir=0&http_ul=139718&imap=0&other=0&pop=0&total=63965333
2018 06 06=da=0&email=0&email_count=0&email_count_incoming=0&email_count_outgoing=0&ftp=0&http=32771299&http_homedir=0&http_ul=87729&imap=0&other=0&pop=0&total=32771299
2018 06 07=da=0&email=0&email_count=0&email_count_incoming=0&email_count_outgoing=0&ftp=0&http=113005330&http_homedir=0&http_ul=284578&imap=0&other=0&pop=0&total=113005330
2018 06 08=da=0&email=0&email_count=0&email_count_incoming=0&email_count_outgoing=0&ftp=0&http=251321777&http_homedir=0&http_ul=619687&imap=0&other=0&pop=0&total=251321777
2018 06 09=da=0&email=0&email_count=0&email_count_incoming=0&email_count_outgoing=0&ftp=0&http=21477801&http_homedir=0&http_ul=73576&imap=0&other=0&pop=0&total=21477801
2018 06 10=da=0&email=0&email_count=0&email_count_incoming=0&email_count_outgoing=0&ftp=0&http=17277816&http_homedir=0&http_ul=47325&imap=0&other=0&pop=0&total=17277816
2018 06 11=da=0&email=0&email_count=0&email_count_incoming=0&email_count_outgoing=0&ftp=0&http=50214724&http_homedir=0&http_ul=136823&imap=0&other=0&pop=0&total=50214724
2018 06 12=da=0&email=0&email_count=0&email_count_incoming=0&email_count_outgoing=0&ftp=52383&http=64035530&http_homedir=0&http_ul=164726&imap=0&other=0&pop=0&total=64087913
2018 06 13=da=0&email=0&email_count=0&email_count_incoming=0&email_count_outgoing=0&ftp=0&http=319249428&http_homedir=0&http_ul=1219689&imap=0&other=0&pop=0&total=319249428
2018 06 14=da=0&email=0&email_count=0&email_count_incoming=0&email_count_outgoing=0&ftp=0&http=150019321&http_homedir=0&http_ul=571775&imap=0&other=0&pop=0&total=150019321
2018 06 15=da=0&email=0&email_count=0&email_count_incoming=0&email_count_outgoing=0&ftp=176073&http=333034371&http_homedir=0&http_ul=5407739&imap=0&other=0&pop=0&total=333210444
2018 06 16=da=0&email=0&email_count=0&email_count_incoming=0&email_count_outgoing=0&ftp=0&http=52166476&http_homedir=0&http_ul=177763&imap=0&other=0&pop=0&total=52166476
2018 06 17=da=0&email=0&email_count=0&email_count_incoming=0&email_count_outgoing=0&ftp=0&http=521373&http_homedir=0&http_ul=9978&imap=0&other=0&pop=0&total=521373
2018 06 18=da=0&email=0&email_count=0&email_count_incoming=0&email_count_outgoing=0&ftp=19670&http=147737627&http_homedir=0&http_ul=6216462&imap=0&other=0&pop=0&total=147757297
2018 06 19=da=0&email=0&email_count=0&email_count_incoming=0&email_count_outgoing=0&ftp=131944&http=146853097&http_homedir=0&http_ul=631124&imap=0&other=0&pop=0&total=146985041
2018 06 20=da=0&email=0&email_count=0&email_count_incoming=0&email_count_outgoing=0&ftp=0&http=124555239&http_homedir=0&http_ul=414025&imap=0&other=0&pop=0&total=124555239
2018 06 21=da=0&email=0&email_count=0&email_count_incoming=0&email_count_outgoing=0&ftp=0&http=80323848&http_homedir=0&http_ul=3619958&imap=0&other=0&pop=0&total=80323848
2018 06 22=da=0&email=0&email_count=0&email_count_incoming=0&email_count_outgoing=0&ftp=132034&http=275558643&http_homedir=0&http_ul=9528385&imap=0&other=0&pop=0&total=275690677
2018 06 23=da=0&email=0&email_count=0&email_count_incoming=0&email_count_outgoing=0&ftp=164823&http=273116243&http_homedir=0&http_ul=5355082&imap=0&other=0&pop=0&total=273281066
2018 06 24=da=0&email=0&email_count=0&email_count_incoming=0&email_count_outgoing=0&ftp=0&http=74292917&http_homedir=0&http_ul=233716&imap=0&other=0&pop=0&total=74292917
2018 06 25=da=0&email=0&email_count=0&email_count_incoming=0&email_count_outgoing=0&ftp=0&http=90183123&http_homedir=0&http_ul=2082458&imap=0&other=0&pop=0&total=90183123
2018 06 26=da=0&email=0&email_count=0&email_count_incoming=0&email_count_outgoing=0&ftp=87532&http=192303156&http_homedir=0&http_ul=9963529&imap=0&other=0&pop=0&total=192390688
2018 06 27=da=0&email=0&email_count=0&email_count_incoming=0&email_count_outgoing=0&ftp=412514&http=271970232&http_homedir=0&http_ul=4713979&imap=0&other=0&pop=0&total=272382746
2018 06 28=da=0&email=0&email_count=0&email_count_incoming=0&email_count_outgoing=0&ftp=286965&http=155160801&http_homedir=0&http_ul=13903422&imap=0&other=0&pop=0&total=155447766
2018 06 29=da=0&email=0&email_count=0&email_count_incoming=0&email_count_outgoing=0&ftp=19051&http=95050822&http_homedir=0&http_ul=406121&imap=0&other=0&pop=0&total=95069873
simpletotal=3769254573
total=da=0&email=0&email_count=0&email_count_incoming=0&email_count_outgoing=0&ftp=1623753&http=3767630820&http_ul=67262664&imap=0&other=0&pop=0&total=3769254573
